#
# There is insufficient memory for the Java Runtime Environment to continue.
# Native memory allocation (mmap) failed to map 15728640 bytes for committing reserved memory.
# Possible reasons:
#   The system is out of physical RAM or swap space
#   In 32 bit mode, the process size limit was hit
# Possible solutions:
#   Reduce memory load on the system
#   Increase physical memory or swap space
#   Check if swap backing store is full
#   Use 64 bit Java on a 64 bit OS
#   Decrease Java heap size (-Xmx/-Xms)
#   Decrease number of Java threads
#   Decrease Java thread stack sizes (-Xss)
#   Set larger code cache with -XX:ReservedCodeCacheSize=
# This output file may be truncated or incomplete.
#
#  Out of Memory Error (os_linux.cpp:2627), pid=15245, tid=0x00007ff978a2b700
#
# JRE version: Java(TM) SE Runtime Environment (8.0_121-b13) (build 1.8.0_121-b13)
# Java VM: Java HotSpot(TM) 64-Bit Server VM (25.121-b13 mixed mode linux-amd64 compressed oops)
# Failed to write core dump. Core dumps have been disabled. To enable core dumping, try "ulimit -c unlimited" before starting Java again
#

---------------  T H R E A D  ---------------

Current thread (0x00007ff98c1ca000):  VMThread [stack: 0x00007ff97892b000,0x00007ff978a2c000] [id=15269]

Stack: [0x00007ff97892b000,0x00007ff978a2c000],  sp=0x00007ff978a2a0a0,  free space=1020k
Native frames: (J=compiled Java code, j=interpreted, Vv=VM code, C=native code)
V  [libjvm.so+0xac703a]  VMError::report_and_die()+0x2ba
V  [libjvm.so+0x4fc7eb]  report_vm_out_of_memory(char const*, int, unsigned long, VMErrorType, char const*)+0x8b
V  [libjvm.so+0x923c43]  os::Linux::commit_memory_impl(char*, unsigned long, bool)+0x103
V  [libjvm.so+0x924199]  os::pd_commit_memory(char*, unsigned long, unsigned long, bool)+0x29
V  [libjvm.so+0x91e4aa]  os::commit_memory(char*, unsigned long, unsigned long, bool)+0x2a
V  [libjvm.so+0x992f03]  PSVirtualSpace::expand_by(unsigned long)+0x53
V  [libjvm.so+0x994308]  PSYoungGen::resize_generation(unsigned long, unsigned long)+0xf8
V  [libjvm.so+0x993462]  PSYoungGen::resize(unsigned long, unsigned long)+0x22
V  [libjvm.so+0x99073b]  PSScavenge::invoke_no_policy()+0xf3b
V  [libjvm.so+0x990ec1]  PSScavenge::invoke()+0x41
V  [libjvm.so+0x947c10]  ParallelScavengeHeap::failed_mem_allocate(unsigned long)+0x70
V  [libjvm.so+0xac8a57]  VM_ParallelGCFailedAllocation::doit()+0x97
V  [libjvm.so+0xad0535]  VM_Operation::evaluate()+0x55
V  [libjvm.so+0xace90a]  VMThread::evaluate_operation(VM_Operation*)+0xba
V  [libjvm.so+0xacec8e]  VMThread::loop()+0x1ce
V  [libjvm.so+0xacf100]  VMThread::run()+0x70
V  [libjvm.so+0x926268]  java_start(Thread*)+0x108

VM_Operation (0x00007ff96101f850): ParallelGCFailedAllocation, mode: safepoint, requested by thread 0x00007ff98c9cd000


---------------  P R O C E S S  ---------------

Java Threads: ( => current thread )
  0x00007ff8cc007000 JavaThread "Keep-Alive-Timer" daemon [_thread_blocked, id=15908, stack(0x00007ff9634db000,0x00007ff9635dc000)]
  0x00007ff98c00d000 JavaThread "DestroyJavaVM" [_thread_blocked, id=15246, stack(0x00007ff9926b7000,0x00007ff9927b8000)]
  0x00007ff98c9cd000 JavaThread "Thread-4" [_thread_blocked, id=15319, stack(0x00007ff960f22000,0x00007ff961023000)]
  0x00007ff98c9c4000 JavaThread "http-nio-2000-AsyncTimeout" daemon [_thread_blocked, id=15318, stack(0x00007ff961223000,0x00007ff961324000)]
  0x00007ff98c9c2800 JavaThread "http-nio-2000-Acceptor-0" daemon [_thread_in_native, id=15317, stack(0x00007ff961324000,0x00007ff961425000)]
  0x00007ff98c9be000 JavaThread "http-nio-2000-ClientPoller-1" daemon [_thread_blocked, id=15316, stack(0x00007ff961425000,0x00007ff961526000)]
  0x00007ff98c9a3800 JavaThread "http-nio-2000-ClientPoller-0" daemon [_thread_blocked, id=15315, stack(0x00007ff961526000,0x00007ff961627000)]
  0x00007ff98c987800 JavaThread "http-nio-2000-exec-10" daemon [_thread_blocked, id=15314, stack(0x00007ff961627000,0x00007ff961728000)]
  0x00007ff98c985800 JavaThread "http-nio-2000-exec-9" daemon [_thread_blocked, id=15313, stack(0x00007ff961728000,0x00007ff961829000)]
  0x00007ff98c983800 JavaThread "http-nio-2000-exec-8" daemon [_thread_blocked, id=15312, stack(0x00007ff961829000,0x00007ff96192a000)]
  0x00007ff98c981800 JavaThread "http-nio-2000-exec-7" daemon [_thread_blocked, id=15311, stack(0x00007ff96192a000,0x00007ff961a2b000)]
  0x00007ff98c980000 JavaThread "http-nio-2000-exec-6" daemon [_thread_blocked, id=15310, stack(0x00007ff961a2b000,0x00007ff961b2c000)]
  0x00007ff98c97e000 JavaThread "http-nio-2000-exec-5" daemon [_thread_blocked, id=15309, stack(0x00007ff961b2c000,0x00007ff961c2d000)]
  0x00007ff98c97c000 JavaThread "http-nio-2000-exec-4" daemon [_thread_blocked, id=15308, stack(0x00007ff961c2d000,0x00007ff961d2e000)]
  0x00007ff98c97a000 JavaThread "http-nio-2000-exec-3" daemon [_thread_blocked, id=15307, stack(0x00007ff961d2e000,0x00007ff961e2f000)]
  0x00007ff98c978000 JavaThread "http-nio-2000-exec-2" daemon [_thread_blocked, id=15306, stack(0x00007ff961e2f000,0x00007ff961f30000)]
  0x00007ff98c976800 JavaThread "http-nio-2000-exec-1" daemon [_thread_blocked, id=15305, stack(0x00007ff961f30000,0x00007ff962031000)]
  0x00007ff98c95a000 JavaThread "NioBlockingSelector.BlockPoller-1" daemon [_thread_blocked, id=15304, stack(0x00007ff962031000,0x00007ff962132000)]
  0x00007ff98c8e6800 JavaThread "container-0" [_thread_blocked, id=15303, stack(0x00007ff962132000,0x00007ff962233000)]
  0x00007ff98c8e4000 JavaThread "ContainerBackgroundProcessor[StandardEngine[Tomcat]]" daemon [_thread_blocked, id=15302, stack(0x00007ff962233000,0x00007ff962334000)]
  0x00007ff98c41c800 JavaThread "Service Thread" daemon [_thread_blocked, id=15288, stack(0x00007ff9638e6000,0x00007ff9639e7000)]
  0x00007ff98c40f000 JavaThread "C1 CompilerThread3" daemon [_thread_blocked, id=15287, stack(0x00007ff963eff000,0x00007ff964000000)]
  0x00007ff98c40d000 JavaThread "C2 CompilerThread2" daemon [_thread_blocked, id=15286, stack(0x00007ff97005e000,0x00007ff97015f000)]
  0x00007ff98c40b000 JavaThread "C2 CompilerThread1" daemon [_thread_blocked, id=15285, stack(0x00007ff97015f000,0x00007ff970260000)]
  0x00007ff98c409000 JavaThread "C2 CompilerThread0" daemon [_thread_blocked, id=15284, stack(0x00007ff978026000,0x00007ff978127000)]
  0x00007ff98c3f8800 JavaThread "Monitor Ctrl-Break" daemon [_thread_in_native, id=15283, stack(0x00007ff978127000,0x00007ff978228000)]
  0x00007ff98c20a000 JavaThread "Signal Dispatcher" daemon [_thread_blocked, id=15275, stack(0x00007ff97834f000,0x00007ff978450000)]
  0x00007ff98c1d6800 JavaThread "Finalizer" daemon [_thread_blocked, id=15272, stack(0x00007ff978729000,0x00007ff97882a000)]
  0x00007ff98c1d2000 JavaThread "Reference Handler" daemon [_thread_blocked, id=15271, stack(0x00007ff97882a000,0x00007ff97892b000)]

Other Threads:
=>0x00007ff98c1ca000 VMThread [stack: 0x00007ff97892b000,0x00007ff978a2c000] [id=15269]
  0x00007ff98c41f800 WatcherThread [stack: 0x00007ff9637e5000,0x00007ff9638e6000] [id=15289]

VM state:at safepoint (normal execution)

VM Mutex/Monitor currently owned by a thread:  ([mutex/lock_event])
[0x00007ff98c009530] Threads_lock - owner thread: 0x00007ff98c1ca000
[0x00007ff98c009a30] Heap_lock - owner thread: 0x00007ff98c9cd000

Heap:
 PSYoungGen      total 169984K, used 256K [0x00000000d6f00000, 0x00000000e5f00000, 0x0000000100000000)
  eden space 157184K, 0% used [0x00000000d6f00000,0x00000000d6f00000,0x00000000e0880000)
  from space 12800K, 2% used [0x00000000e4600000,0x00000000e4640000,0x00000000e5280000)
  to   space 512K, 0% used [0x00000000e5e80000,0x00000000e5e80000,0x00000000e5f00000)
 ParOldGen       total 50688K, used 17892K [0x0000000084c00000, 0x0000000087d80000, 0x00000000d6f00000)
  object space 50688K, 35% used [0x0000000084c00000,0x0000000085d793b0,0x0000000087d80000)
 Metaspace       used 28554K, capacity 28906K, committed 29312K, reserved 1075200K
  class space    used 3537K, capacity 3624K, committed 3712K, reserved 1048576K

Card table byte_map: [0x00007ff97be0a000,0x00007ff97c1e5000] byte_map_base: 0x00007ff97b9e4000

Marking Bits: (ParMarkBitMap*) 0x00007ff991b85c80
 Begin Bits: [0x00007ff970260000, 0x00007ff972130000)
 End Bits:   [0x00007ff972130000, 0x00007ff974000000)

Polling page: 0x00007ff9927d6000

CodeCache: size=245760Kb used=9306Kb max_used=9306Kb free=236453Kb
 bounds [0x00007ff97c5a5000, 0x00007ff97cec5000, 0x00007ff98b5a5000]
 total_blobs=4856 nmethods=4434 adapters=335
 compilation: enabled

Compilation events (10 events):
Event: 236.037 Thread 0x00007ff98c40f000 4546       1       java.util.Calendar::getFieldStrings (134 bytes)
Event: 236.103 Thread 0x00007ff98c40f000 nmethod 4546 0x00007ff97cebbc90 code [0x00007ff97cebbe60, 0x00007ff97cebc298]
Event: 242.798 Thread 0x00007ff98c40f000 4547       1       com.fastspark.fastspark.model.HeartBeatHandler::sendHeartBeat (154 bytes)
Event: 330.048 Thread 0x00007ff98c40f000 nmethod 4547 0x00007ff97cebc810 code [0x00007ff97cebcae0, 0x00007ff97cebd708]
Event: 330.394 Thread 0x00007ff98c40f000 4549       1       org.apache.coyote.AbstractProtocol::access$200 (5 bytes)
Event: 330.394 Thread 0x00007ff98c40f000 nmethod 4549 0x00007ff97cebe290 code [0x00007ff97cebe3e0, 0x00007ff97cebe4d0]
Event: 330.394 Thread 0x00007ff98c40f000 4548       1       org.apache.coyote.AbstractProtocol::access$100 (5 bytes)
Event: 330.394 Thread 0x00007ff98c40f000 nmethod 4548 0x00007ff97cebe550 code [0x00007ff97cebe6a0, 0x00007ff97cebe790]
Event: 331.746 Thread 0x00007ff98c40f000 4550       1       sun.util.calendar.Gregorian$Date::getNormalizedYear (5 bytes)
Event: 331.746 Thread 0x00007ff98c40f000 nmethod 4550 0x00007ff97cebe810 code [0x00007ff97cebe960, 0x00007ff97cebea70]

GC Heap History (10 events):
Event: 10.480 GC heap after
Heap after GC invocations=9 (full 1):
 PSYoungGen      total 122368K, used 9726K [0x00000000d6f00000, 0x00000000df480000, 0x0000000100000000)
  eden space 112640K, 0% used [0x00000000d6f00000,0x00000000d6f00000,0x00000000ddd00000)
  from space 9728K, 99% used [0x00000000de780000,0x00000000df0ff988,0x00000000df100000)
  to   space 10752K, 0% used [0x00000000ddd00000,0x00000000ddd00000,0x00000000de780000)
 ParOldGen       total 50688K, used 9929K [0x0000000084c00000, 0x0000000087d80000, 0x00000000d6f00000)
  object space 50688K, 19% used [0x0000000084c00000,0x00000000855b27b0,0x0000000087d80000)
 Metaspace       used 25378K, capacity 25682K, committed 25984K, reserved 1071104K
  class space    used 3247K, capacity 3362K, committed 3456K, reserved 1048576K
}
Event: 43.008 GC heap before
{Heap before GC invocations=10 (full 1):
 PSYoungGen      total 122368K, used 122366K [0x00000000d6f00000, 0x00000000df480000, 0x0000000100000000)
  eden space 112640K, 100% used [0x00000000d6f00000,0x00000000ddd00000,0x00000000ddd00000)
  from space 9728K, 99% used [0x00000000de780000,0x00000000df0ff988,0x00000000df100000)
  to   space 10752K, 0% used [0x00000000ddd00000,0x00000000ddd00000,0x00000000de780000)
 ParOldGen       total 50688K, used 9929K [0x0000000084c00000, 0x0000000087d80000, 0x00000000d6f00000)
  object space 50688K, 19% used [0x0000000084c00000,0x00000000855b27b0,0x0000000087d80000)
 Metaspace       used 27766K, capacity 28138K, committed 28544K, reserved 1075200K
  class space    used 3533K, capacity 3624K, committed 3712K, reserved 1048576K
Event: 43.020 GC heap after
Heap after GC invocations=10 (full 1):
 PSYoungGen      total 123392K, used 9696K [0x00000000d6f00000, 0x00000000e2800000, 0x0000000100000000)
  eden space 112640K, 0% used [0x00000000d6f00000,0x00000000d6f00000,0x00000000ddd00000)
  from space 10752K, 90% used [0x00000000ddd00000,0x00000000de678148,0x00000000de780000)
  to   space 11264K, 0% used [0x00000000e1d00000,0x00000000e1d00000,0x00000000e2800000)
 ParOldGen       total 50688K, used 9937K [0x0000000084c00000, 0x0000000087d80000, 0x00000000d6f00000)
  object space 50688K, 19% used [0x0000000084c00000,0x00000000855b47b0,0x0000000087d80000)
 Metaspace       used 27766K, capacity 28138K, committed 28544K, reserved 1075200K
  class space    used 3533K, capacity 3624K, committed 3712K, reserved 1048576K
}
Event: 62.617 GC heap before
{Heap before GC invocations=11 (full 1):
 PSYoungGen      total 123392K, used 122336K [0x00000000d6f00000, 0x00000000e2800000, 0x0000000100000000)
  eden space 112640K, 100% used [0x00000000d6f00000,0x00000000ddd00000,0x00000000ddd00000)
  from space 10752K, 90% used [0x00000000ddd00000,0x00000000de678148,0x00000000de780000)
  to   space 11264K, 0% used [0x00000000e1d00000,0x00000000e1d00000,0x00000000e2800000)
 ParOldGen       total 50688K, used 9937K [0x0000000084c00000, 0x0000000087d80000, 0x00000000d6f00000)
  object space 50688K, 19% used [0x0000000084c00000,0x00000000855b47b0,0x0000000087d80000)
 Metaspace       used 27931K, capacity 28266K, committed 28544K, reserved 1075200K
  class space    used 3533K, capacity 3624K, committed 3712K, reserved 1048576K
Event: 62.626 GC heap after
Heap after GC invocations=11 (full 1):
 PSYoungGen      total 174080K, used 1168K [0x00000000d6f00000, 0x00000000e2700000, 0x0000000100000000)
  eden space 163840K, 0% used [0x00000000d6f00000,0x00000000d6f00000,0x00000000e0f00000)
  from space 10240K, 11% used [0x00000000e1d00000,0x00000000e1e24030,0x00000000e2700000)
  to   space 12288K, 0% used [0x00000000e0f00000,0x00000000e0f00000,0x00000000e1b00000)
 ParOldGen       total 50688K, used 16875K [0x0000000084c00000, 0x0000000087d80000, 0x00000000d6f00000)
  object space 50688K, 33% used [0x0000000084c00000,0x0000000085c7aee0,0x0000000087d80000)
 Metaspace       used 27931K, capacity 28266K, committed 28544K, reserved 1075200K
  class space    used 3533K, capacity 3624K, committed 3712K, reserved 1048576K
}
Event: 88.167 GC heap before
{Heap before GC invocations=12 (full 1):
 PSYoungGen      total 174080K, used 165008K [0x00000000d6f00000, 0x00000000e2700000, 0x0000000100000000)
  eden space 163840K, 100% used [0x00000000d6f00000,0x00000000e0f00000,0x00000000e0f00000)
  from space 10240K, 11% used [0x00000000e1d00000,0x00000000e1e24030,0x00000000e2700000)
  to   space 12288K, 0% used [0x00000000e0f00000,0x00000000e0f00000,0x00000000e1b00000)
 ParOldGen       total 50688K, used 16875K [0x0000000084c00000, 0x0000000087d80000, 0x00000000d6f00000)
  object space 50688K, 33% used [0x0000000084c00000,0x0000000085c7aee0,0x0000000087d80000)
 Metaspace       used 28543K, capacity 28906K, committed 29312K, reserved 1075200K
  class space    used 3533K, capacity 3624K, committed 3712K, reserved 1048576K
Event: 88.169 GC heap after
Heap after GC invocations=12 (full 1):
 PSYoungGen      total 176128K, used 400K [0x00000000d6f00000, 0x00000000e6b00000, 0x0000000100000000)
  eden space 163840K, 0% used [0x00000000d6f00000,0x00000000d6f00000,0x00000000e0f00000)
  from space 12288K, 3% used [0x00000000e0f00000,0x00000000e0f64030,0x00000000e1b00000)
  to   space 12800K, 0% used [0x00000000e5e80000,0x00000000e5e80000,0x00000000e6b00000)
 ParOldGen       total 50688K, used 17804K [0x0000000084c00000, 0x0000000087d80000, 0x00000000d6f00000)
  object space 50688K, 35% used [0x0000000084c00000,0x0000000085d633b0,0x0000000087d80000)
 Metaspace       used 28543K, capacity 28906K, committed 29312K, reserved 1075200K
  class space    used 3533K, capacity 3624K, committed 3712K, reserved 1048576K
}
Event: 116.632 GC heap before
{Heap before GC invocations=13 (full 1):
 PSYoungGen      total 176128K, used 164240K [0x00000000d6f00000, 0x00000000e6b00000, 0x0000000100000000)
  eden space 163840K, 100% used [0x00000000d6f00000,0x00000000e0f00000,0x00000000e0f00000)
  from space 12288K, 3% used [0x00000000e0f00000,0x00000000e0f64030,0x00000000e1b00000)
  to   space 12800K, 0% used [0x00000000e5e80000,0x00000000e5e80000,0x00000000e6b00000)
 ParOldGen       total 50688K, used 17804K [0x0000000084c00000, 0x0000000087d80000, 0x00000000d6f00000)
  object space 50688K, 35% used [0x0000000084c00000,0x0000000085d633b0,0x0000000087d80000)
 Metaspace       used 28544K, capacity 28906K, committed 29312K, reserved 1075200K
  class space    used 3535K, capacity 3624K, committed 3712K, reserved 1048576K
Event: 116.633 GC heap after
Heap after GC invocations=13 (full 1):
 PSYoungGen      total 157696K, used 240K [0x00000000d6f00000, 0x00000000e5f00000, 0x0000000100000000)
  eden space 157184K, 0% used [0x00000000d6f00000,0x00000000d6f00000,0x00000000e0880000)
  from space 512K, 46% used [0x00000000e5e80000,0x00000000e5ebc010,0x00000000e5f00000)
  to   space 12800K, 0% used [0x00000000e4600000,0x00000000e4600000,0x00000000e5280000)
 ParOldGen       total 50688K, used 17836K [0x0000000084c00000, 0x0000000087d80000, 0x00000000d6f00000)
  object space 50688K, 35% used [0x0000000084c00000,0x0000000085d6b3b0,0x0000000087d80000)
 Metaspace       used 28544K, capacity 28906K, committed 29312K, reserved 1075200K
  class space    used 3535K, capacity 3624K, committed 3712K, reserved 1048576K
}
Event: 343.489 GC heap before
{Heap before GC invocations=14 (full 1):
 PSYoungGen      total 157696K, used 157424K [0x00000000d6f00000, 0x00000000e5f00000, 0x0000000100000000)
  eden space 157184K, 100% used [0x00000000d6f00000,0x00000000e0880000,0x00000000e0880000)
  from space 512K, 46% used [0x00000000e5e80000,0x00000000e5ebc010,0x00000000e5f00000)
  to   space 12800K, 0% used [0x00000000e4600000,0x00000000e4600000,0x00000000e5280000)
 ParOldGen       total 50688K, used 17836K [0x0000000084c00000, 0x0000000087d80000, 0x00000000d6f00000)
  object space 50688K, 35% used [0x0000000084c00000,0x0000000085d6b3b0,0x0000000087d80000)
 Metaspace       used 28554K, capacity 28906K, committed 29312K, reserved 1075200K
  class space    used 3537K, capacity 3624K, committed 3712K, reserved 1048576K

Deoptimization events (0 events):
No events

Internal exceptions (10 events):
Event: 21.285 Thread 0x00007ff98c976800 Exception <a 'java/lang/ClassNotFoundException': java/lang/ObjectCustomizer> (0x00000000d79736b8) thrown at [/HUDSON3/workspace/8-2-build-linux-amd64/jdk8u121/8372/hotspot/src/share/vm/classfile/systemDictionary.cpp, line 210]
Event: 21.285 Thread 0x00007ff98c976800 Exception <a 'java/lang/ClassNotFoundException': org/springframework/web/servlet/support/AbstractFlashMapManagerCustomizer> (0x00000000d7989f80) thrown at [/HUDSON3/workspace/8-2-build-linux-amd64/jdk8u121/8372/hotspot/src/share/vm/classfile/systemDiction
Event: 21.286 Thread 0x00007ff98c976800 Exception <a 'java/lang/ClassNotFoundException': org/springframework/web/servlet/support/SessionFlashMapManagerCustomizer> (0x00000000d79a4748) thrown at [/HUDSON3/workspace/8-2-build-linux-amd64/jdk8u121/8372/hotspot/src/share/vm/classfile/systemDictiona
Event: 21.286 Thread 0x00007ff98c976800 Exception <a 'java/lang/ClassNotFoundException': org/springframework/web/servlet/FlashMapManagerCustomizer> (0x00000000d79b7820) thrown at [/HUDSON3/workspace/8-2-build-linux-amd64/jdk8u121/8372/hotspot/src/share/vm/classfile/systemDictionary.cpp, line 21
Event: 21.305 Thread 0x00007ff98c976800 Exception <a 'java/lang/ArrayIndexOutOfBoundsException'> (0x00000000d7bcca78) thrown at [/HUDSON3/workspace/8-2-build-linux-amd64/jdk8u121/8372/hotspot/src/share/vm/runtime/sharedRuntime.cpp, line 605]
Event: 21.305 Thread 0x00007ff98c976800 Exception <a 'java/lang/ArrayIndexOutOfBoundsException'> (0x00000000d7bce5e0) thrown at [/HUDSON3/workspace/8-2-build-linux-amd64/jdk8u121/8372/hotspot/src/share/vm/runtime/sharedRuntime.cpp, line 605]
Event: 21.305 Thread 0x00007ff98c976800 Exception <a 'java/lang/ArrayIndexOutOfBoundsException'> (0x00000000d7bd0310) thrown at [/HUDSON3/workspace/8-2-build-linux-amd64/jdk8u121/8372/hotspot/src/share/vm/runtime/sharedRuntime.cpp, line 605]
Event: 21.305 Thread 0x00007ff98c976800 Exception <a 'java/lang/ArrayIndexOutOfBoundsException'> (0x00000000d7bd1a08) thrown at [/HUDSON3/workspace/8-2-build-linux-amd64/jdk8u121/8372/hotspot/src/share/vm/runtime/sharedRuntime.cpp, line 605]
Event: 21.309 Thread 0x00007ff98c976800 Exception <a 'java/lang/ArrayIndexOutOfBoundsException'> (0x00000000d7c485e8) thrown at [/HUDSON3/workspace/8-2-build-linux-amd64/jdk8u121/8372/hotspot/src/share/vm/runtime/sharedRuntime.cpp, line 605]
Event: 21.313 Thread 0x00007ff98c976800 Exception <a 'java/lang/ArrayIndexOutOfBoundsException'> (0x00000000d7cd0590) thrown at [/HUDSON3/workspace/8-2-build-linux-amd64/jdk8u121/8372/hotspot/src/share/vm/runtime/sharedRuntime.cpp, line 605]

Events (10 events):
Event: 334.570 loading class com/fasterxml/jackson/datatype/jdk7/Jdk7Module done
Event: 334.570 loading class com/fasterxml/jackson/datatype/jdk7$Jdk7Module
Event: 334.570 loading class com/fasterxml/jackson/datatype/jdk7$Jdk7Module done
Event: 334.570 loading class com/fasterxml/jackson/datatype/jdk8/Jdk8Module
Event: 334.570 loading class com/fasterxml/jackson/datatype/jdk8/Jdk8Module done
Event: 334.570 loading class com/fasterxml/jackson/datatype/jdk8$Jdk8Module
Event: 334.570 loading class com/fasterxml/jackson/datatype/jdk8$Jdk8Module done
Event: 334.570 loading class com/fasterxml/jackson/datatype/jsr310/JavaTimeModule
Event: 334.570 loading class com/fasterxml/jackson/datatype/jsr310/JavaTimeModule done
Event: 337.378 Executing VM operation: ParallelGCFailedAllocation


Dynamic libraries:
00400000-00401000 r-xp 00000000 08:05 2109937                            /usr/lib/jvm/java-8-oracle/bin/java
00600000-00601000 rw-p 00000000 08:05 2109937                            /usr/lib/jvm/java-8-oracle/bin/java
01c9c000-01cbd000 rw-p 00000000 00:00 0                                  [heap]
84c00000-87d80000 rw-p 00000000 00:00 0 
87d80000-d6f00000 ---p 00000000 00:00 0 
d6f00000-e5f00000 rw-p 00000000 00:00 0 
e6e00000-100000000 ---p 00000000 00:00 0 
100000000-1003a0000 rw-p 00000000 00:00 0 
1003a0000-140000000 ---p 00000000 00:00 0 
7ff8cc000000-7ff8cc021000 rw-p 00000000 00:00 0 
7ff8cc021000-7ff8d0000000 ---p 00000000 00:00 0 
7ff8d4000000-7ff8d4021000 rw-p 00000000 00:00 0 
7ff8d4021000-7ff8d8000000 ---p 00000000 00:00 0 
7ff8d8000000-7ff8d8021000 rw-p 00000000 00:00 0 
7ff8d8021000-7ff8dc000000 ---p 00000000 00:00 0 
7ff8dc000000-7ff8dc021000 rw-p 00000000 00:00 0 
7ff8dc021000-7ff8e0000000 ---p 00000000 00:00 0 
7ff8e0000000-7ff8e0021000 rw-p 00000000 00:00 0 
7ff8e0021000-7ff8e4000000 ---p 00000000 00:00 0 
7ff8e4000000-7ff8e4021000 rw-p 00000000 00:00 0 
7ff8e4021000-7ff8e8000000 ---p 00000000 00:00 0 
7ff8e8000000-7ff8e8021000 rw-p 00000000 00:00 0 
7ff8e8021000-7ff8ec000000 ---p 00000000 00:00 0 
7ff8ec000000-7ff8ec021000 rw-p 00000000 00:00 0 
7ff8ec021000-7ff8f0000000 ---p 00000000 00:00 0 
7ff8f0000000-7ff8f0021000 rw-p 00000000 00:00 0 
7ff8f0021000-7ff8f4000000 ---p 00000000 00:00 0 
7ff8f4000000-7ff8f4021000 rw-p 00000000 00:00 0 
7ff8f4021000-7ff8f8000000 ---p 00000000 00:00 0 
7ff8f8000000-7ff8f8021000 rw-p 00000000 00:00 0 
7ff8f8021000-7ff8fc000000 ---p 00000000 00:00 0 
7ff8fc000000-7ff8fc021000 rw-p 00000000 00:00 0 
7ff8fc021000-7ff900000000 ---p 00000000 00:00 0 
7ff900000000-7ff900021000 rw-p 00000000 00:00 0 
7ff900021000-7ff904000000 ---p 00000000 00:00 0 
7ff904000000-7ff9040ec000 rw-p 00000000 00:00 0 
7ff9040ec000-7ff908000000 ---p 00000000 00:00 0 
7ff908000000-7ff908021000 rw-p 00000000 00:00 0 
7ff908021000-7ff90c000000 ---p 00000000 00:00 0 
7ff90c000000-7ff90c28d000 rw-p 00000000 00:00 0 
7ff90c28d000-7ff910000000 ---p 00000000 00:00 0 
7ff910000000-7ff910021000 rw-p 00000000 00:00 0 
7ff910021000-7ff914000000 ---p 00000000 00:00 0 
7ff914000000-7ff914309000 rw-p 00000000 00:00 0 
7ff914309000-7ff918000000 ---p 00000000 00:00 0 
7ff918000000-7ff918021000 rw-p 00000000 00:00 0 
7ff918021000-7ff91c000000 ---p 00000000 00:00 0 
7ff91c000000-7ff91c021000 rw-p 00000000 00:00 0 
7ff91c021000-7ff920000000 ---p 00000000 00:00 0 
7ff920000000-7ff9201f3000 rw-p 00000000 00:00 0 
7ff9201f3000-7ff924000000 ---p 00000000 00:00 0 
7ff924000000-7ff9246fb000 rw-p 00000000 00:00 0 
7ff9246fb000-7ff928000000 ---p 00000000 00:00 0 
7ff928000000-7ff928021000 rw-p 00000000 00:00 0 
7ff928021000-7ff92c000000 ---p 00000000 00:00 0 
7ff92c000000-7ff92c021000 rw-p 00000000 00:00 0 
7ff92c021000-7ff930000000 ---p 00000000 00:00 0 
7ff930000000-7ff930021000 rw-p 00000000 00:00 0 
7ff930021000-7ff934000000 ---p 00000000 00:00 0 
7ff934000000-7ff934021000 rw-p 00000000 00:00 0 
7ff934021000-7ff938000000 ---p 00000000 00:00 0 
7ff938000000-7ff93806e000 rw-p 00000000 00:00 0 
7ff93806e000-7ff93c000000 ---p 00000000 00:00 0 
7ff93c000000-7ff93c021000 rw-p 00000000 00:00 0 
7ff93c021000-7ff940000000 ---p 00000000 00:00 0 
7ff940000000-7ff940021000 rw-p 00000000 00:00 0 
7ff940021000-7ff944000000 ---p 00000000 00:00 0 
7ff944000000-7ff94428d000 rw-p 00000000 00:00 0 
7ff94428d000-7ff948000000 ---p 00000000 00:00 0 
7ff948000000-7ff948021000 rw-p 00000000 00:00 0 
7ff948021000-7ff94c000000 ---p 00000000 00:00 0 
7ff94c000000-7ff94c021000 rw-p 00000000 00:00 0 
7ff94c021000-7ff950000000 ---p 00000000 00:00 0 
7ff954000000-7ff954021000 rw-p 00000000 00:00 0 
7ff954021000-7ff958000000 ---p 00000000 00:00 0 
7ff958000000-7ff958021000 rw-p 00000000 00:00 0 
7ff958021000-7ff95c000000 ---p 00000000 00:00 0 
7ff95c000000-7ff95c021000 rw-p 00000000 00:00 0 
7ff95c021000-7ff960000000 ---p 00000000 00:00 0 
7ff960d22000-7ff960e22000 rw-p 00000000 00:00 0 
7ff960e22000-7ff960f22000 ---p 00000000 00:00 0 
7ff960f22000-7ff960f25000 ---p 00000000 00:00 0 
7ff960f25000-7ff961223000 rw-p 00000000 00:00 0 
7ff961223000-7ff961226000 ---p 00000000 00:00 0 
7ff961226000-7ff961324000 rw-p 00000000 00:00 0 
7ff961324000-7ff961327000 ---p 00000000 00:00 0 
7ff961327000-7ff961425000 rw-p 00000000 00:00 0 
7ff961425000-7ff961428000 ---p 00000000 00:00 0 
7ff961428000-7ff961526000 rw-p 00000000 00:00 0 
7ff961526000-7ff961529000 ---p 00000000 00:00 0 
7ff961529000-7ff961627000 rw-p 00000000 00:00 0 
7ff961627000-7ff96162a000 ---p 00000000 00:00 0 
7ff96162a000-7ff961728000 rw-p 00000000 00:00 0 
7ff961728000-7ff96172b000 ---p 00000000 00:00 0 
7ff96172b000-7ff961829000 rw-p 00000000 00:00 0 
7ff961829000-7ff96182c000 ---p 00000000 00:00 0 
7ff96182c000-7ff96192a000 rw-p 00000000 00:00 0 
7ff96192a000-7ff96192d000 ---p 00000000 00:00 0 
7ff96192d000-7ff961a2b000 rw-p 00000000 00:00 0 
7ff961a2b000-7ff961a2e000 ---p 00000000 00:00 0 
7ff961a2e000-7ff961b2c000 rw-p 00000000 00:00 0 
7ff961b2c000-7ff961b2f000 ---p 00000000 00:00 0 
7ff961b2f000-7ff961c2d000 rw-p 00000000 00:00 0 
7ff961c2d000-7ff961c30000 ---p 00000000 00:00 0 
7ff961c30000-7ff961d2e000 rw-p 00000000 00:00 0 
7ff961d2e000-7ff961d31000 ---p 00000000 00:00 0 
7ff961d31000-7ff961e2f000 rw-p 00000000 00:00 0 
7ff961e2f000-7ff961e32000 ---p 00000000 00:00 0 
7ff961e32000-7ff961f30000 rw-p 00000000 00:00 0 
7ff961f30000-7ff961f33000 ---p 00000000 00:00 0 
7ff961f33000-7ff962031000 rw-p 00000000 00:00 0 
7ff962031000-7ff962034000 ---p 00000000 00:00 0 
7ff962034000-7ff962132000 rw-p 00000000 00:00 0 
7ff962132000-7ff962135000 ---p 00000000 00:00 0 
7ff962135000-7ff962233000 rw-p 00000000 00:00 0 
7ff962233000-7ff962236000 ---p 00000000 00:00 0 
7ff962236000-7ff962534000 rw-p 00000000 00:00 0 
7ff962534000-7ff962734000 rw-p 00000000 00:00 0 
7ff962734000-7ff962934000 rw-p 00000000 00:00 0 
7ff962934000-7ff962b34000 rw-p 00000000 00:00 0 
7ff962b34000-7ff962bc9000 r--s 01109000 08:05 2110136                    /usr/lib/jvm/java-8-oracle/jre/lib/ext/jfxrt.jar
7ff962bc9000-7ff962bcc000 ---p 00000000 00:00 0 
7ff962bcc000-7ff962cca000 rw-p 00000000 00:00 0 
7ff962cca000-7ff962cdb000 r-xp 00000000 08:05 2110091                    /usr/lib/jvm/java-8-oracle/jre/lib/amd64/libnio.so
7ff962cdb000-7ff962eda000 ---p 00011000 08:05 2110091                    /usr/lib/jvm/java-8-oracle/jre/lib/amd64/libnio.so
7ff962eda000-7ff962edb000 rw-p 00010000 08:05 2110091                    /usr/lib/jvm/java-8-oracle/jre/lib/amd64/libnio.so
7ff962edb000-7ff9630db000 rw-p 00000000 00:00 0 
7ff9630db000-7ff9632db000 rw-p 00000000 00:00 0 
7ff9632db000-7ff9634db000 rw-p 00000000 00:00 0 
7ff9634db000-7ff9634de000 ---p 00000000 00:00 0 
7ff9634de000-7ff9635dc000 rw-p 00000000 00:00 0 
7ff9635dc000-7ff9635e5000 r-xp 00000000 08:05 2110102                    /usr/lib/jvm/java-8-oracle/jre/lib/amd64/libmanagement.so
7ff9635e5000-7ff9637e4000 ---p 00009000 08:05 2110102                    /usr/lib/jvm/java-8-oracle/jre/lib/amd64/libmanagement.so
7ff9637e4000-7ff9637e5000 rw-p 00008000 08:05 2110102                    /usr/lib/jvm/java-8-oracle/jre/lib/amd64/libmanagement.so
7ff9637e5000-7ff9637e6000 ---p 00000000 00:00 0 
7ff9637e6000-7ff9638e6000 rw-p 00000000 00:00 0 
7ff9638e6000-7ff9638e9000 ---p 00000000 00:00 0 
7ff9638e9000-7ff963ce8000 rw-p 00000000 00:00 0 
7ff963ce8000-7ff963cfe000 r-xp 00000000 08:05 2110066                    /usr/lib/jvm/java-8-oracle/jre/lib/amd64/libnet.so
7ff963cfe000-7ff963efe000 ---p 00016000 08:05 2110066                    /usr/lib/jvm/java-8-oracle/jre/lib/amd64/libnet.so
7ff963efe000-7ff963eff000 rw-p 00016000 08:05 2110066                    /usr/lib/jvm/java-8-oracle/jre/lib/amd64/libnet.so
7ff963eff000-7ff963f02000 ---p 00000000 00:00 0 
7ff963f02000-7ff964000000 rw-p 00000000 00:00 0 
7ff964000000-7ff964021000 rw-p 00000000 00:00 0 
7ff964021000-7ff968000000 ---p 00000000 00:00 0 
7ff968000000-7ff968021000 rw-p 00000000 00:00 0 
7ff968021000-7ff96c000000 ---p 00000000 00:00 0 
7ff96c000000-7ff96c021000 rw-p 00000000 00:00 0 
7ff96c021000-7ff970000000 ---p 00000000 00:00 0 
7ff970042000-7ff97005e000 r--s 00393000 08:05 2110143                    /usr/lib/jvm/java-8-oracle/jre/lib/ext/cldrdata.jar
7ff97005e000-7ff970061000 ---p 00000000 00:00 0 
7ff970061000-7ff97015f000 rw-p 00000000 00:00 0 
7ff97015f000-7ff970162000 ---p 00000000 00:00 0 
7ff970162000-7ff974000000 rw-p 00000000 00:00 0 
7ff974000000-7ff974021000 rw-p 00000000 00:00 0 
7ff974021000-7ff978000000 ---p 00000000 00:00 0 
7ff978013000-7ff97801d000 r--s 00116000 08:05 2110140                    /usr/lib/jvm/java-8-oracle/jre/lib/ext/localedata.jar
7ff97801d000-7ff978022000 r--s 002f9000 08:05 2109966                    /usr/lib/jvm/java-8-oracle/jre/lib/charsets.jar
7ff978022000-7ff978026000 r--s 0009a000 08:05 2109965                    /usr/lib/jvm/java-8-oracle/jre/lib/jsse.jar
7ff978026000-7ff978029000 ---p 00000000 00:00 0 
7ff978029000-7ff978127000 rw-p 00000000 00:00 0 
7ff978127000-7ff97812a000 ---p 00000000 00:00 0 
7ff97812a000-7ff978228000 rw-p 00000000 00:00 0 
7ff978228000-7ff97822b000 r--s 00019000 08:05 2502409                    /home/nuwantha/Downloads/idea-IU-171.3780.107/lib/idea_rt.jar
7ff97822b000-7ff978230000 r--s 00038000 08:05 2496580                    /home/nuwantha/.m2/repository/org/apache/tomcat/embed/tomcat-embed-websocket/8.5.23/tomcat-embed-websocket-8.5.23.jar
7ff978230000-7ff978231000 r--s 00000000 08:05 3932336                    /home/nuwantha/.m2/repository/org/springframework/boot/spring-boot-starter-tomcat/1.5.8.RELEASE/spring-boot-starter-tomcat-1.5.8.RELEASE.jar
7ff978231000-7ff97823b000 r--s 0005c000 08:05 4063369                    /home/nuwantha/.m2/repository/javax/servlet/jstl/1.2/jstl-1.2.jar
7ff97823b000-7ff97823d000 r--s 00009000 08:05 3932275                    /home/nuwantha/.m2/repository/org/slf4j/slf4j-api/1.7.25/slf4j-api-1.7.25.jar
7ff97823d000-7ff978243000 r--s 0003d000 08:05 2494258                    /home/nuwantha/.m2/repository/org/yaml/snakeyaml/1.17/snakeyaml-1.17.jar
7ff978243000-7ff97825a000 r--s 000fc000 08:05 3932295                    /home/nuwantha/.m2/repository/org/springframework/spring-core/4.3.12.RELEASE/spring-core-4.3.12.RELEASE.jar
7ff97825a000-7ff97825c000 r--s 00004000 08:05 3932268                    /home/nuwantha/.m2/repository/org/slf4j/log4j-over-slf4j/1.7.25/log4j-over-slf4j-1.7.25.jar
7ff97825c000-7ff97825e000 r--s 00000000 08:05 3932264                    /home/nuwantha/.m2/repository/org/slf4j/jul-to-slf4j/1.7.25/jul-to-slf4j-1.7.25.jar
7ff97825e000-7ff978260000 r--s 00003000 08:05 3932266                    /home/nuwantha/.m2/repository/org/slf4j/jcl-over-slf4j/1.7.25/jcl-over-slf4j-1.7.25.jar
7ff978260000-7ff97826b000 r--s 0006a000 08:05 2117734                    /home/nuwantha/.m2/repository/ch/qos/logback/logback-core/1.1.11/logback-core-1.1.11.jar
7ff97826b000-7ff978272000 r--s 00045000 08:05 1908099                    /home/nuwantha/.m2/repository/ch/qos/logback/logback-classic/1.1.11/logback-classic-1.1.11.jar
7ff978272000-7ff978273000 r--s 00000000 08:05 3932263                    /home/nuwantha/.m2/repository/org/springframework/boot/spring-boot-starter-logging/1.5.8.RELEASE/spring-boot-starter-logging-1.5.8.RELEASE.jar
7ff978273000-7ff978293000 r--s 000e6000 08:05 3932283                    /home/nuwantha/.m2/repository/org/springframework/boot/spring-boot-autoconfigure/1.5.8.RELEASE/spring-boot-autoconfigure-1.5.8.RELEASE.jar
7ff978293000-7ff9782a3000 r--s 00095000 08:05 3932276                    /home/nuwantha/.m2/repository/org/springframework/boot/spring-boot/1.5.8.RELEASE/spring-boot-1.5.8.RELEASE.jar
7ff9782a3000-7ff9782a4000 r--s 00000000 08:05 3932252                    /home/nuwantha/.m2/repository/org/springframework/boot/spring-boot-starter/1.5.8.RELEASE/spring-boot-starter-1.5.8.RELEASE.jar
7ff9782a4000-7ff9782b7000 r--s 00244000 08:05 4194502                    /home/nuwantha/.m2/repository/org/eclipse/jdt/ecj/3.12.3/ecj-3.12.3.jar
7ff9782b7000-7ff9782bb000 r--s 00037000 08:05 2496578                    /home/nuwantha/.m2/repository/org/apache/tomcat/embed/tomcat-embed-el/8.5.23/tomcat-embed-el-8.5.23.jar
7ff9782bb000-7ff9782bd000 r--s 00003000 08:05 2496576                    /home/nuwantha/.m2/repository/org/apache/tomcat/tomcat-annotations-api/8.5.23/tomcat-annotations-api-8.5.23.jar
7ff9782bd000-7ff9782e6000 r--s 002c7000 08:05 2496574                    /home/nuwantha/.m2/repository/org/apache/tomcat/embed/tomcat-embed-core/8.5.23/tomcat-embed-core-8.5.23.jar
7ff9782e6000-7ff9782ef000 r--s 00096000 08:05 2495670                    /home/nuwantha/.m2/repository/org/apache/tomcat/embed/tomcat-embed-jasper/8.5.23/tomcat-embed-jasper-8.5.23.jar
7ff9782ef000-7ff9782f4000 r--s 0003c000 08:05 3932256                    /home/nuwantha/.m2/repository/org/springframework/spring-expression/4.3.12.RELEASE/spring-expression-4.3.12.RELEASE.jar
7ff9782f4000-7ff978305000 r--s 000cf000 08:05 4194371                    /home/nuwantha/.m2/repository/org/springframework/spring-webmvc/4.3.12.RELEASE/spring-webmvc-4.3.12.RELEASE.jar
7ff978305000-7ff97831e000 r--s 000fe000 08:05 3932291                    /home/nuwantha/.m2/repository/org/springframework/spring-context/4.3.12.RELEASE/spring-context-4.3.12.RELEASE.jar
7ff97831e000-7ff97832c000 r--s 000ad000 08:05 3932280                    /home/nuwantha/.m2/repository/org/springframework/spring-beans/4.3.12.RELEASE/spring-beans-4.3.12.RELEASE.jar
7ff97832c000-7ff97833d000 r--s 000b8000 08:05 4063245                    /home/nuwantha/.m2/repository/org/springframework/spring-web/4.3.12.RELEASE/spring-web-4.3.12.RELEASE.jar
7ff97833d000-7ff97834f000 r--s 0011e000 08:05 2118936                    /home/nuwantha/.m2/repository/com/fasterxml/jackson/core/jackson-databind/2.8.10/jackson-databind-2.8.10.jar
7ff97834f000-7ff978352000 ---p 00000000 00:00 0 
7ff978352000-7ff978450000 rw-p 00000000 00:00 0 
7ff978450000-7ff978729000 r--p 00000000 08:05 2097351                    /usr/lib/locale/locale-archive
7ff978729000-7ff97872c000 ---p 00000000 00:00 0 
7ff97872c000-7ff97882a000 rw-p 00000000 00:00 0 
7ff97882a000-7ff97882d000 ---p 00000000 00:00 0 
7ff97882d000-7ff97892b000 rw-p 00000000 00:00 0 
7ff97892b000-7ff97892c000 ---p 00000000 00:00 0 
7ff97892c000-7ff97a547000 rw-p 00000000 00:00 0 
7ff97a547000-7ff97a720000 r--s 03d3e000 08:05 2110013                    /usr/lib/jvm/java-8-oracle/jre/lib/rt.jar
7ff97a720000-7ff97b370000 rw-p 00000000 00:00 0 
7ff97b370000-7ff97b371000 ---p 00000000 00:00 0 
7ff97b371000-7ff97b471000 rw-p 00000000 00:00 0 
7ff97b471000-7ff97b472000 ---p 00000000 00:00 0 
7ff97b472000-7ff97b572000 rw-p 00000000 00:00 0 
7ff97b572000-7ff97b573000 ---p 00000000 00:00 0 
7ff97b573000-7ff97b673000 rw-p 00000000 00:00 0 
7ff97b673000-7ff97b674000 ---p 00000000 00:00 0 
7ff97b674000-7ff97b774000 rw-p 00000000 00:00 0 
7ff97b774000-7ff97b775000 ---p 00000000 00:00 0 
7ff97b775000-7ff97b875000 rw-p 00000000 00:00 0 
7ff97b875000-7ff97b876000 ---p 00000000 00:00 0 
7ff97b876000-7ff97b976000 rw-p 00000000 00:00 0 
7ff97b976000-7ff97b977000 ---p 00000000 00:00 0 
7ff97b977000-7ff97ba77000 rw-p 00000000 00:00 0 
7ff97ba77000-7ff97ba78000 ---p 00000000 00:00 0 
7ff97ba78000-7ff97bb91000 rw-p 00000000 00:00 0 
7ff97bb91000-7ff97be0a000 ---p 00000000 00:00 0 
7ff97be0a000-7ff97be23000 rw-p 00000000 00:00 0 
7ff97be23000-7ff97c09b000 ---p 00000000 00:00 0 
7ff97c09b000-7ff97c114000 rw-p 00000000 00:00 0 
7ff97c114000-7ff97c1e4000 ---p 00000000 00:00 0 
7ff97c1e4000-7ff97c20a000 rw-p 00000000 00:00 0 
7ff97c20a000-7ff97c5a5000 ---p 00000000 00:00 0 
7ff97c5a5000-7ff97cec5000 rwxp 00000000 00:00 0 
7ff97cec5000-7ff98b5a5000 ---p 00000000 00:00 0 
7ff98b5a5000-7ff98b5bf000 r-xp 00000000 08:05 2110089                    /usr/lib/jvm/java-8-oracle/jre/lib/amd64/libzip.so
7ff98b5bf000-7ff98b7bf000 ---p 0001a000 08:05 2110089                    /usr/lib/jvm/java-8-oracle/jre/lib/amd64/libzip.so
7ff98b7bf000-7ff98b7c0000 rw-p 0001a000 08:05 2110089                    /usr/lib/jvm/java-8-oracle/jre/lib/amd64/libzip.so
7ff98b7c0000-7ff98b7cb000 r-xp 00000000 08:05 136109                     /lib/x86_64-linux-gnu/libnss_files-2.23.so
7ff98b7cb000-7ff98b9ca000 ---p 0000b000 08:05 136109                     /lib/x86_64-linux-gnu/libnss_files-2.23.so
7ff98b9ca000-7ff98b9cb000 r--p 0000a000 08:05 136109                     /lib/x86_64-linux-gnu/libnss_files-2.23.so
7ff98b9cb000-7ff98b9cc000 rw-p 0000b000 08:05 136109                     /lib/x86_64-linux-gnu/libnss_files-2.23.so
7ff98b9cc000-7ff98b9d2000 rw-p 00000000 00:00 0 
7ff98b9d2000-7ff98b9dd000 r-xp 00000000 08:05 136133                     /lib/x86_64-linux-gnu/libnss_nis-2.23.so
7ff98b9dd000-7ff98bbdc000 ---p 0000b000 08:05 136133                     /lib/x86_64-linux-gnu/libnss_nis-2.23.so
7ff98bbdc000-7ff98bbdd000 r--p 0000a000 08:05 136133                     /lib/x86_64-linux-gnu/libnss_nis-2.23.so
7ff98bbdd000-7ff98bbde000 rw-p 0000b000 08:05 136133                     /lib/x86_64-linux-gnu/libnss_nis-2.23.so
7ff98bbde000-7ff98bbf4000 r-xp 00000000 08:05 131101                     /lib/x86_64-linux-gnu/libnsl-2.23.so
7ff98bbf4000-7ff98bdf3000 ---p 00016000 08:05 131101                     /lib/x86_64-linux-gnu/libnsl-2.23.so
7ff98bdf3000-7ff98bdf4000 r--p 00015000 08:05 131101                     /lib/x86_64-linux-gnu/libnsl-2.23.so
7ff98bdf4000-7ff98bdf5000 rw-p 00016000 08:05 131101                     /lib/x86_64-linux-gnu/libnsl-2.23.so
7ff98bdf5000-7ff98bdf7000 rw-p 00000000 00:00 0 
7ff98bdf7000-7ff98bdff000 r-xp 00000000 08:05 136149                     /lib/x86_64-linux-gnu/libnss_compat-2.23.so
7ff98bdff000-7ff98bffe000 ---p 00008000 08:05 136149                     /lib/x86_64-linux-gnu/libnss_compat-2.23.so
7ff98bffe000-7ff98bfff000 r--p 00007000 08:05 136149                     /lib/x86_64-linux-gnu/libnss_compat-2.23.so
7ff98bfff000-7ff98c000000 rw-p 00008000 08:05 136149                     /lib/x86_64-linux-gnu/libnss_compat-2.23.so
7ff98c000000-7ff98c9d9000 rw-p 00000000 00:00 0 
7ff98c9d9000-7ff990000000 ---p 00000000 00:00 0 
7ff990000000-7ff990009000 r--s 00054000 08:05 3932258                    /home/nuwantha/.m2/repository/org/springframework/spring-aop/4.3.12.RELEASE/spring-aop-4.3.12.RELEASE.jar
7ff990009000-7ff99000d000 r--s 00042000 08:05 2118940                    /home/nuwantha/.m2/repository/com/fasterxml/jackson/core/jackson-core/2.8.10/jackson-core-2.8.10.jar
7ff99000d000-7ff990010000 r--s 0000b000 08:05 2118938                    /home/nuwantha/.m2/repository/com/fasterxml/jackson/core/jackson-annotations/2.8.0/jackson-annotations-2.8.0.jar
7ff990010000-7ff990012000 r--s 0000e000 08:05 2112813                    /home/nuwantha/.m2/repository/com/fasterxml/classmate/1.3.4/classmate-1.3.4.jar
7ff990012000-7ff990015000 r--s 0000e000 08:05 4063399                    /home/nuwantha/.m2/repository/org/jboss/logging/jboss-logging/3.3.1.Final/jboss-logging-3.3.1.Final.jar
7ff990015000-7ff990019000 r--s 0000c000 08:05 4063365                    /home/nuwantha/.m2/repository/javax/validation/validation-api/1.1.0.Final/validation-api-1.1.0.Final.jar
7ff990019000-7ff99002a000 r--s 000a1000 08:05 4063398                    /home/nuwantha/.m2/repository/org/hibernate/hibernate-validator/5.3.5.Final/hibernate-validator-5.3.5.Final.jar
7ff99002a000-7ff99002b000 r--s 00000000 08:05 3932573                    /home/nuwantha/.m2/repository/org/springframework/boot/spring-boot-starter-web/1.5.8.RELEASE/spring-boot-starter-web-1.5.8.RELEASE.jar
7ff99002b000-7ff99003e000 r--s 00345000 08:05 2110047                    /usr/lib/jvm/java-8-oracle/jre/lib/resources.jar
7ff99003e000-7ff990050000 r--s 000d6000 08:05 2110046                    /usr/lib/jvm/java-8-oracle/jre/lib/plugin.jar
7ff990050000-7ff990051000 r--s 00000000 08:05 2110018                    /usr/lib/jvm/java-8-oracle/jre/lib/management-agent.jar
7ff990051000-7ff99006c000 r--s 00209000 08:05 2110027                    /usr/lib/jvm/java-8-oracle/jre/lib/deploy.jar
7ff99006c000-7ff990076000 r-xp 00000000 08:05 2110127                    /usr/lib/jvm/java-8-oracle/jre/lib/amd64/libinstrument.so
7ff990076000-7ff990275000 ---p 0000a000 08:05 2110127                    /usr/lib/jvm/java-8-oracle/jre/lib/amd64/libinstrument.so
7ff990275000-7ff990276000 rw-p 00009000 08:05 2110127                    /usr/lib/jvm/java-8-oracle/jre/lib/amd64/libinstrument.so
7ff990276000-7ff9902a1000 r-xp 00000000 08:05 2110116                    /usr/lib/jvm/java-8-oracle/jre/lib/amd64/libjava.so
7ff9902a1000-7ff9904a0000 ---p 0002b000 08:05 2110116                    /usr/lib/jvm/java-8-oracle/jre/lib/amd64/libjava.so
7ff9904a0000-7ff9904a2000 rw-p 0002a000 08:05 2110116                    /usr/lib/jvm/java-8-oracle/jre/lib/amd64/libjava.so
7ff9904a2000-7ff9904af000 r-xp 00000000 08:05 2110067                    /usr/lib/jvm/java-8-oracle/jre/lib/amd64/libverify.so
7ff9904af000-7ff9906ae000 ---p 0000d000 08:05 2110067                    /usr/lib/jvm/java-8-oracle/jre/lib/amd64/libverify.so
7ff9906ae000-7ff9906b0000 rw-p 0000c000 08:05 2110067                    /usr/lib/jvm/java-8-oracle/jre/lib/amd64/libverify.so
7ff9906b0000-7ff9906b7000 r-xp 00000000 08:05 136137                     /lib/x86_64-linux-gnu/librt-2.23.so
7ff9906b7000-7ff9908b6000 ---p 00007000 08:05 136137                     /lib/x86_64-linux-gnu/librt-2.23.so
7ff9908b6000-7ff9908b7000 r--p 00006000 08:05 136137                     /lib/x86_64-linux-gnu/librt-2.23.so
7ff9908b7000-7ff9908b8000 rw-p 00007000 08:05 136137                     /lib/x86_64-linux-gnu/librt-2.23.so
7ff9908b8000-7ff9909c0000 r-xp 00000000 08:05 136183                     /lib/x86_64-linux-gnu/libm-2.23.so
7ff9909c0000-7ff990bbf000 ---p 00108000 08:05 136183                     /lib/x86_64-linux-gnu/libm-2.23.so
7ff990bbf000-7ff990bc0000 r--p 00107000 08:05 136183                     /lib/x86_64-linux-gnu/libm-2.23.so
7ff990bc0000-7ff990bc1000 rw-p 00108000 08:05 136183                     /lib/x86_64-linux-gnu/libm-2.23.so
7ff990bc1000-7ff99188f000 r-xp 00000000 08:05 2110120                    /usr/lib/jvm/java-8-oracle/jre/lib/amd64/server/libjvm.so
7ff99188f000-7ff991a8f000 ---p 00cce000 08:05 2110120                    /usr/lib/jvm/java-8-oracle/jre/lib/amd64/server/libjvm.so
7ff991a8f000-7ff991b68000 rw-p 00cce000 08:05 2110120                    /usr/lib/jvm/java-8-oracle/jre/lib/amd64/server/libjvm.so
7ff991b68000-7ff991bb3000 rw-p 00000000 00:00 0 
7ff991bb3000-7ff991d73000 r-xp 00000000 08:05 136204                     /lib/x86_64-linux-gnu/libc-2.23.so
7ff991d73000-7ff991f73000 ---p 001c0000 08:05 136204                     /lib/x86_64-linux-gnu/libc-2.23.so
7ff991f73000-7ff991f77000 r--p 001c0000 08:05 136204                     /lib/x86_64-linux-gnu/libc-2.23.so
7ff991f77000-7ff991f79000 rw-p 001c4000 08:05 136204                     /lib/x86_64-linux-gnu/libc-2.23.so
7ff991f79000-7ff991f7d000 rw-p 00000000 00:00 0 
7ff991f7d000-7ff991f80000 r-xp 00000000 08:05 136147                     /lib/x86_64-linux-gnu/libdl-2.23.so
7ff991f80000-7ff99217f000 ---p 00003000 08:05 136147                     /lib/x86_64-linux-gnu/libdl-2.23.so
7ff99217f000-7ff992180000 r--p 00002000 08:05 136147                     /lib/x86_64-linux-gnu/libdl-2.23.so
7ff992180000-7ff992181000 rw-p 00003000 08:05 136147                     /lib/x86_64-linux-gnu/libdl-2.23.so
7ff992181000-7ff992196000 r-xp 00000000 08:05 2109156                    /usr/lib/jvm/java-8-oracle/lib/amd64/jli/libjli.so
7ff992196000-7ff992396000 ---p 00015000 08:05 2109156                    /usr/lib/jvm/java-8-oracle/lib/amd64/jli/libjli.so
7ff992396000-7ff992397000 rw-p 00015000 08:05 2109156                    /usr/lib/jvm/java-8-oracle/lib/amd64/jli/libjli.so
7ff992397000-7ff9923af000 r-xp 00000000 08:05 136128                     /lib/x86_64-linux-gnu/libpthread-2.23.so
7ff9923af000-7ff9925ae000 ---p 00018000 08:05 136128                     /lib/x86_64-linux-gnu/libpthread-2.23.so
7ff9925ae000-7ff9925af000 r--p 00017000 08:05 136128                     /lib/x86_64-linux-gnu/libpthread-2.23.so
7ff9925af000-7ff9925b0000 rw-p 00018000 08:05 136128                     /lib/x86_64-linux-gnu/libpthread-2.23.so
7ff9925b0000-7ff9925b4000 rw-p 00000000 00:00 0 
7ff9925b4000-7ff9925da000 r-xp 00000000 08:05 136106                     /lib/x86_64-linux-gnu/ld-2.23.so
7ff9925da000-7ff9925de000 r--s 0009a000 08:05 2109965                    /usr/lib/jvm/java-8-oracle/jre/lib/jsse.jar
7ff9925de000-7ff9925e3000 r--s 00084000 08:05 2110024                    /usr/lib/jvm/java-8-oracle/jre/lib/jfr.jar
7ff9925e3000-7ff9925e6000 r--s 0001a000 08:05 2110051                    /usr/lib/jvm/java-8-oracle/jre/lib/jce.jar
7ff9925e6000-7ff9926b7000 rw-p 00000000 00:00 0 
7ff9926b7000-7ff9926ba000 ---p 00000000 00:00 0 
7ff9926ba000-7ff9927bc000 rw-p 00000000 00:00 0 
7ff9927bc000-7ff9927be000 r--s 00007000 08:05 2110017                    /usr/lib/jvm/java-8-oracle/jre/lib/jfxswt.jar
7ff9927be000-7ff9927c8000 r--s 0006c000 08:05 2110026                    /usr/lib/jvm/java-8-oracle/jre/lib/javaws.jar
7ff9927c8000-7ff9927cd000 r--s 002f9000 08:05 2109966                    /usr/lib/jvm/java-8-oracle/jre/lib/charsets.jar
7ff9927cd000-7ff9927d5000 rw-s 00000000 08:05 393231                     /tmp/hsperfdata_nuwantha/15245
7ff9927d5000-7ff9927d6000 rw-p 00000000 00:00 0 
7ff9927d6000-7ff9927d7000 ---p 00000000 00:00 0 
7ff9927d7000-7ff9927d9000 rw-p 00000000 00:00 0 
7ff9927d9000-7ff9927da000 r--p 00025000 08:05 136106                     /lib/x86_64-linux-gnu/ld-2.23.so
7ff9927da000-7ff9927db000 rw-p 00026000 08:05 136106                     /lib/x86_64-linux-gnu/ld-2.23.so
7ff9927db000-7ff9927dc000 rw-p 00000000 00:00 0 
7ffcd9e24000-7ffcd9e46000 rw-p 00000000 00:00 0                          [stack]
7ffcd9fbe000-7ffcd9fc0000 r--p 00000000 00:00 0                          [vvar]
7ffcd9fc0000-7ffcd9fc2000 r-xp 00000000 00:00 0                          [vdso]
ffffffffff600000-ffffffffff601000 r-xp 00000000 00:00 0                  [vsyscall]

VM Arguments:
jvm_args: -XX:TieredStopAtLevel=1 -Xverify:none -Dspring.output.ansi.enabled=always -javaagent:/home/nuwantha/Downloads/idea-IU-171.3780.107/lib/idea_rt.jar=46427:/home/nuwantha/Downloads/idea-IU-171.3780.107/bin -Dfile.encoding=UTF-8 
java_command: com.fastspark.fastspark.FastsparkApplication
java_class_path (initial): /usr/lib/jvm/java-8-oracle/jre/lib/charsets.jar:/usr/lib/jvm/java-8-oracle/jre/lib/deploy.jar:/usr/lib/jvm/java-8-oracle/jre/lib/ext/cldrdata.jar:/usr/lib/jvm/java-8-oracle/jre/lib/ext/dnsns.jar:/usr/lib/jvm/java-8-oracle/jre/lib/ext/jaccess.jar:/usr/lib/jvm/java-8-oracle/jre/lib/ext/jfxrt.jar:/usr/lib/jvm/java-8-oracle/jre/lib/ext/localedata.jar:/usr/lib/jvm/java-8-oracle/jre/lib/ext/nashorn.jar:/usr/lib/jvm/java-8-oracle/jre/lib/ext/sunec.jar:/usr/lib/jvm/java-8-oracle/jre/lib/ext/sunjce_provider.jar:/usr/lib/jvm/java-8-oracle/jre/lib/ext/sunpkcs11.jar:/usr/lib/jvm/java-8-oracle/jre/lib/ext/zipfs.jar:/usr/lib/jvm/java-8-oracle/jre/lib/javaws.jar:/usr/lib/jvm/java-8-oracle/jre/lib/jce.jar:/usr/lib/jvm/java-8-oracle/jre/lib/jfr.jar:/usr/lib/jvm/java-8-oracle/jre/lib/jfxswt.jar:/usr/lib/jvm/java-8-oracle/jre/lib/jsse.jar:/usr/lib/jvm/java-8-oracle/jre/lib/management-agent.jar:/usr/lib/jvm/java-8-oracle/jre/lib/plugin.jar:/usr/lib/jvm/java-8-oracle/jre/lib/resources.jar:/usr/lib/jvm/java-8-oracle/jre/lib/rt.jar:/home/nuwantha/Distributed System/new/fastspark/target/classes:/home/nuwantha/.m2/repository/org/springframework/boot/spring-boot-starter-web/1.5.8.RELEASE/spring-boot-starter-web-1.5.8.RELEASE.jar:/home/nuwantha/.m2/repository/org/hibernate/hibernate-validator/5.3.5.Final/hibernate-validator-5.3.5.Final.jar:/home/nuwantha/.m2/repository/javax/validation/validation-api/1.1.0.Final/validation-api-1.1.0.Final.jar:/home/nuwantha/.m2/repository/org/jboss/logging/jboss-logging/3.3.1.Final/jboss-logging-3.3.1.Final.jar:/home/nuwantha/.m2/repository/com/fasterxml/classmate/1.3.4/classmate-1.3.4.jar:/home/nuwantha/.m2/repository/com/fasterxml/jackson/core/jackson-databind/2.8.10/jackson-databind-2.8.10.jar:/home/nuwantha/.m2/repository/com/fasterxml/jackson/core/jackson-annotations/2.8.0/jackson-annotations-2.8.0.jar:/home/nuwantha/.m2/repository/com/fasterxml/jackson/core/jackson-core/2.8.10/jackson-core-2.8.10.jar:/home/nuwantha/.m2/repos
Launcher Type: SUN_STANDARD

Environment Variables:
JAVA_HOME=/usr/lib/jvm/java-8-oracle
PATH=/home/nuwantha/bin:/home/nuwantha/.local/bin:/usr/local/sbin:/usr/local/bin:/usr/sbin:/usr/bin:/sbin:/bin:/usr/games:/usr/local/games:/snap/bin:/usr/lib/jvm/java-8-oracle/bin:/usr/lib/jvm/java-8-oracle/db/bin:/usr/lib/jvm/java-8-oracle/jre/bin
LD_LIBRARY_PATH=/home/nuwantha/Downloads/idea-IU-171.3780.107/bin:
SHELL=/bin/bash
DISPLAY=:0

Signal Handlers:
SIGSEGV: [libjvm.so+0xac78c0], sa_mask[0]=11111111011111111101111111111110, sa_flags=SA_RESTART|SA_SIGINFO
SIGBUS: 